#
# A fatal error has been detected by the Java Runtime Environment:
#
#  EXCEPTION_ACCESS_VIOLATION (0xc0000005) at pc=0x000000006fbb08f1, pid=5548, tid=0x0000000000001e0c
#
# JRE version: OpenJDK Runtime Environment (8.0_152-b02) (build 1.8.0_152-release-1024-b02)
# Java VM: OpenJDK 64-Bit Server VM (25.152-b02 mixed mode windows-amd64 compressed oops)
# Problematic frame:
# V  [jvm.dll+0x4e08f1]
#
# Failed to write core dump. Minidumps are not enabled by default on client versions of Windows
#
# If you would like to submit a bug report, please visit:
#   http://bugreport.java.com/bugreport/crash.jsp
#

---------------  T H R E A D  ---------------

Current thread (0x0000000015c8a000):  JavaThread "C2 CompilerThread0" daemon [_thread_in_native, id=7692, stack(0x00000000172e0000,0x00000000173e0000)]

siginfo: ExceptionCode=0xc0000005, reading address 0x0000000088dc98b0

Registers:
RAX=0x000000001cd89eb0, RBX=0x0000000000000001, RCX=0x000000001b00fe80, RDX=0x000000001b00fe80
RSP=0x00000000173dc110, RBP=0x00000000173dc210, RSI=0x000000000000000a, RDI=0x0000000018f79a40
R8 =0x0000000000001fc6, R9 =0x0000000000001fc6, R10=0x0000000000000002, R11=0x000000000000005c
R12=0x0000000018f79a50, R13=0x00000000250c56f0, R14=0x00000000173dc800, R15=0x00000000200e5ea0
RIP=0x000000006fbb08f1, EFLAGS=0x0000000000010202

Top of Stack: (sp=0x00000000173dc110)
0x00000000173dc110:   00000000204a0018 0000000000000000
0x00000000173dc120:   0000000000000004 0000000000000c52
0x00000000173dc130:   00000000000031fd 000000000000319d
0x00000000173dc140:   000000001b308b00 00000000173dc300
0x00000000173dc150:   00000000173dc3b0 0000000000000008
0x00000000173dc160:   000000000000000a 0000000018f79a40
0x00000000173dc170:   0000000000000002 0000000000000002
0x00000000173dc180:   0000000000000000 0000000200000017
0x00000000173dc190:   00002be200000000 00000000173dc4e0
0x00000000173dc1a0:   000000000000000f 000000001f9caae0
0x00000000173dc1b0:   0000000000000002 00002be200000017
0x00000000173dc1c0:   00000000173dc4e0 000000000000000f
0x00000000173dc1d0:   000000001f9bfb30 0000000000002bba
0x00000000173dc1e0:   00000000250c56f0 000000001c04b1c0
0x00000000173dc1f0:   ffffffffe6e4b8a0 00000000000003d8
0x00000000173dc200:   000000001c04b598 000000001c04b1b0 

Instructions: (pc=0x000000006fbb08f1)
0x000000006fbb08d1:   e0 01 4c 89 6d d0 89 45 00 74 64 8b d8 49 8b 47
0x000000006fbb08e1:   08 48 8b 14 d8 49 8b 86 28 01 00 00 48 63 4a 28
0x000000006fbb08f1:   44 3b 04 88 75 49 49 8b cf e8 a1 a0 ff ff 4d 8b
0x000000006fbb0901:   5f 08 49 8b 0c db 48 85 c9 74 29 4c 8b 41 10 4d 


Register to memory mapping:

RAX=0x000000001cd89eb0 is an unknown value
RBX=0x0000000000000001 is an unknown value
RCX=0x000000001b00fe80 is an unknown value
RDX=0x000000001b00fe80 is an unknown value
RSP=0x00000000173dc110 is pointing into the stack for thread: 0x0000000015c8a000
RBP=0x00000000173dc210 is pointing into the stack for thread: 0x0000000015c8a000
RSI=0x000000000000000a is an unknown value
RDI=0x0000000018f79a40 is an unknown value
R8 =0x0000000000001fc6 is an unknown value
R9 =0x0000000000001fc6 is an unknown value
R10=0x0000000000000002 is an unknown value
R11=0x000000000000005c is an unknown value
R12=0x0000000018f79a50 is an unknown value
R13=0x00000000250c56f0 is an unknown value
R14=0x00000000173dc800 is pointing into the stack for thread: 0x0000000015c8a000
R15=0x00000000200e5ea0 is an unknown value


Stack: [0x00000000172e0000,0x00000000173e0000],  sp=0x00000000173dc110,  free space=1008k
Native frames: (J=compiled Java code, j=interpreted, Vv=VM code, C=native code)
V  [jvm.dll+0x4e08f1]
V  [jvm.dll+0x434b62]
V  [jvm.dll+0x43f76b]
V  [jvm.dll+0x44203e]
V  [jvm.dll+0x4250b2]
V  [jvm.dll+0x814c8]
V  [jvm.dll+0x81dff]
V  [jvm.dll+0x21d2df]
V  [jvm.dll+0x26d7ea]
C  [msvcr100.dll+0x21d9f]
C  [msvcr100.dll+0x21e3b]
C  [KERNEL32.DLL+0x8364]
C  [ntdll.dll+0x6e851]


Current CompileTask:
C2:  42485 7719       4       org.objectweb.asm.ClassReader::b (1124 bytes)


---------------  P R O C E S S  ---------------

Java Threads: ( => current thread )
  0x000000001ba12800 JavaThread "ForkJoinPool.commonPool-worker-3" daemon [_thread_blocked, id=3096, stack(0x0000000024680000,0x0000000024780000)]
  0x000000001ba12000 JavaThread "ForkJoinPool.commonPool-worker-2" daemon [_thread_blocked, id=5528, stack(0x0000000024580000,0x0000000024680000)]
  0x000000001ba14000 JavaThread "ForkJoinPool.commonPool-worker-1" daemon [_thread_in_native, id=5760, stack(0x0000000023de0000,0x0000000023ee0000)]
  0x000000001ba16800 JavaThread "Cache worker for Java compile cache (C:\Users\Casper\Documents\SWE40002 - FYP\Android\IRTSA-App\.gradle\4.4\javaCompile)" [_thread_blocked, id=3152, stack(0x0000000023ce0000,0x0000000023de0000)]
  0x000000001ba0e000 JavaThread "Task worker for ':' Thread 3" [_thread_blocked, id=5092, stack(0x00000000237e0000,0x00000000238e0000)]
  0x000000001ba15000 JavaThread "Task worker for ':' Thread 2" [_thread_blocked, id=2396, stack(0x00000000236e0000,0x00000000237e0000)]
  0x000000001ba11000 JavaThread "Task worker for ':'" [_thread_blocked, id=2660, stack(0x00000000235e0000,0x00000000236e0000)]
  0x000000001ba0f000 JavaThread "Cache worker for Build Output Cleanup Cache (C:\Users\Casper\Documents\SWE40002 - FYP\Android\IRTSA-App\.gradle\buildOutputCleanup)" [_thread_blocked, id=760, stack(0x00000000234e0000,0x00000000235e0000)]
  0x000000001ba10800 JavaThread "Cache worker for task history cache (C:\Users\Casper\Documents\SWE40002 - FYP\Android\IRTSA-App\.gradle\4.4\taskHistory)" [_thread_blocked, id=4928, stack(0x00000000232c0000,0x00000000233c0000)]
  0x000000001ba0d800 JavaThread "Cache worker for file content cache (C:\Users\Casper\Documents\SWE40002 - FYP\Android\IRTSA-App\.gradle\4.4\fileContent)" [_thread_blocked, id=4384, stack(0x0000000021a10000,0x0000000021b10000)]
  0x000000001d550800 JavaThread "Memory manager" [_thread_blocked, id=3856, stack(0x0000000021110000,0x0000000021210000)]
  0x000000001d54f800 JavaThread "build operations Thread 4" [_thread_blocked, id=5808, stack(0x00000000207b0000,0x00000000208b0000)]
  0x000000001d54f000 JavaThread "build operations Thread 3" [_thread_blocked, id=7892, stack(0x000000001f4d0000,0x000000001f5d0000)]
  0x000000001d54d800 JavaThread "build operations Thread 2" [_thread_blocked, id=3592, stack(0x000000001f3d0000,0x000000001f4d0000)]
  0x000000001d553800 JavaThread "build operations" [_thread_blocked, id=6164, stack(0x000000001f2d0000,0x000000001f3d0000)]
  0x000000001d54c800 JavaThread "Cache worker for Artifact transforms cache (C:\Users\Casper\.gradle\caches\transforms-1)" [_thread_blocked, id=6212, stack(0x000000001f1d0000,0x000000001f2d0000)]
  0x000000001b0f8800 JavaThread "Cache worker for file hash cache (C:\Users\Casper\Documents\SWE40002 - FYP\Android\IRTSA-App\.gradle\4.4\fileHashes)" [_thread_blocked, id=7256, stack(0x000000001c7c0000,0x000000001c8c0000)]
  0x000000001b1cb800 JavaThread "File lock request listener" [_thread_in_native, id=3932, stack(0x000000001b6f0000,0x000000001b7f0000)]
  0x0000000018d19000 JavaThread "Cache worker for file hash cache (C:\Users\Casper\.gradle\caches\4.4\fileHashes)" [_thread_blocked, id=5704, stack(0x000000001b5f0000,0x000000001b6f0000)]
  0x0000000018c62000 JavaThread "Stdin handler" [_thread_blocked, id=2248, stack(0x000000001a320000,0x000000001a420000)]
  0x0000000018c61000 JavaThread "Asynchronous log dispatcher for DefaultDaemonConnection: socket connection from /127.0.0.1:55023 to /127.0.0.1:55024" [_thread_blocked, id=3992, stack(0x000000001a220000,0x000000001a320000)]
  0x0000000018c5e800 JavaThread "Daemon worker" [_thread_blocked, id=3996, stack(0x000000001a120000,0x000000001a220000)]
  0x0000000018cd5800 JavaThread "Cancel handler" [_thread_blocked, id=4864, stack(0x000000001a020000,0x000000001a120000)]
  0x0000000018c35000 JavaThread "Handler for socket connection from /127.0.0.1:55023 to /127.0.0.1:55024" [_thread_in_native, id=6940, stack(0x0000000019d20000,0x0000000019e20000)]
  0x0000000018c32000 JavaThread "Daemon" [_thread_blocked, id=6380, stack(0x0000000019c20000,0x0000000019d20000)]
  0x0000000018be8000 JavaThread "Daemon periodic checks" [_thread_blocked, id=7468, stack(0x0000000019b20000,0x0000000019c20000)]
  0x0000000018bc7800 JavaThread "Incoming local TCP Connector on port 55023" [_thread_in_native, id=4900, stack(0x00000000198f0000,0x00000000199f0000)]
  0x0000000015ced800 JavaThread "Service Thread" daemon [_thread_blocked, id=5636, stack(0x00000000179e0000,0x0000000017ae0000)]
  0x0000000015c94800 JavaThread "C1 CompilerThread2" daemon [_thread_blocked, id=1664, stack(0x00000000174e0000,0x00000000175e0000)]
  0x0000000015c90000 JavaThread "C2 CompilerThread1" daemon [_thread_in_native, id=7928, stack(0x00000000173e0000,0x00000000174e0000)]
=>0x0000000015c8a000 JavaThread "C2 CompilerThread0" daemon [_thread_in_native, id=7692, stack(0x00000000172e0000,0x00000000173e0000)]
  0x0000000015c88800 JavaThread "Attach Listener" daemon [_thread_blocked, id=2264, stack(0x00000000171e0000,0x00000000172e0000)]
  0x0000000015c87800 JavaThread "Signal Dispatcher" daemon [_thread_blocked, id=7592, stack(0x00000000170e0000,0x00000000171e0000)]
  0x000000000231c000 JavaThread "Finalizer" daemon [_thread_blocked, id=484, stack(0x0000000016ef0000,0x0000000016ff0000)]
  0x0000000002311000 JavaThread "Reference Handler" daemon [_thread_blocked, id=6652, stack(0x0000000016df0000,0x0000000016ef0000)]
  0x0000000002222800 JavaThread "main" [_thread_blocked, id=7788, stack(0x0000000000980000,0x0000000000a80000)]

Other Threads:
  0x0000000015c55000 VMThread [stack: 0x0000000016cf0000,0x0000000016df0000] [id=3464]
  0x000000001760a800 WatcherThread [stack: 0x0000000017ae0000,0x0000000017be0000] [id=3780]

VM state:not at safepoint (normal execution)

VM Mutex/Monitor currently owned by a thread: None

Heap:
 PSYoungGen      total 194048K, used 165169K [0x00000000e0000000, 0x00000000ee500000, 0x0000000100000000)
  eden space 173568K, 95% used [0x00000000e0000000,0x00000000ea14c570,0x00000000ea980000)
  from space 20480K, 0% used [0x00000000ec300000,0x00000000ec300000,0x00000000ed700000)
  to   space 26112K, 0% used [0x00000000ea980000,0x00000000ea980000,0x00000000ec300000)
 ParOldGen       total 264704K, used 40604K [0x00000000a0000000, 0x00000000b0280000, 0x00000000e0000000)
  object space 264704K, 15% used [0x00000000a0000000,0x00000000a27a7138,0x00000000b0280000)
 Metaspace       used 61068K, capacity 63097K, committed 63320K, reserved 1103872K
  class space    used 8261K, capacity 8792K, committed 8832K, reserved 1048576K

Card table byte_map: [0x00000000116e0000,0x00000000119f0000] byte_map_base: 0x00000000111e0000

Marking Bits: (ParMarkBitMap*) 0x000000006fe94970
 Begin Bits: [0x0000000011ff0000, 0x00000000137f0000)
 End Bits:   [0x00000000137f0000, 0x0000000014ff0000)

Polling page: 0x00000000001f0000

CodeCache: size=245760Kb used=22650Kb max_used=22768Kb free=223109Kb
 bounds [0x0000000002320000, 0x00000000039e0000, 0x0000000011320000]
 total_blobs=7408 nmethods=6600 adapters=720
 compilation: enabled

Compilation events (10 events):
Event: 41.973 Thread 0x0000000015c94800 7721   !   2       java.util.zip.ZipFile::close (223 bytes)
Event: 41.974 Thread 0x0000000015c94800 nmethod 7721 0x000000000242de10 code [0x000000000242e060, 0x000000000242ec28]
Event: 41.983 Thread 0x0000000015c8a000 nmethod 7708 0x00000000039b1910 code [0x00000000039b1f60, 0x00000000039bcb58]
Event: 41.984 Thread 0x0000000015c8a000 7719       4       org.objectweb.asm.ClassReader::b (1124 bytes)
Event: 41.999 Thread 0x0000000015c94800 7723 %     3       org.objectweb.asm.ClassReader::accept @ 1114 (1176 bytes)
Event: 42.006 Thread 0x0000000015c94800 nmethod 7723% 0x00000000039a60d0 code [0x00000000039a6820, 0x00000000039aba48]
Event: 42.088 Thread 0x0000000015c94800 7724 %     3       org.objectweb.asm.ClassReader::accept @ 1149 (1176 bytes)
Event: 42.097 Thread 0x0000000015c94800 nmethod 7724% 0x00000000039c7e90 code [0x00000000039c85e0, 0x00000000039cd7a8]
Event: 42.097 Thread 0x0000000015c94800 7725       2       org.objectweb.asm.Context::<init> (5 bytes)
Event: 42.098 Thread 0x0000000015c94800 nmethod 7725 0x0000000002608a50 code [0x0000000002608ba0, 0x0000000002608cf0]

GC Heap History (10 events):
Event: 22.142 GC heap before
{Heap before GC invocations=7 (full 2):
 PSYoungGen      total 136704K, used 10740K [0x00000000e0000000, 0x00000000e9600000, 0x0000000100000000)
  eden space 125952K, 0% used [0x00000000e0000000,0x00000000e0000000,0x00000000e7b00000)
  from space 10752K, 99% used [0x00000000e7d00000,0x00000000e877d0c0,0x00000000e8780000)
  to   space 13824K, 0% used [0x00000000e8880000,0x00000000e8880000,0x00000000e9600000)
 ParOldGen       total 111104K, used 10617K [0x00000000a0000000, 0x00000000a6c80000, 0x00000000e0000000)
  object space 111104K, 9% used [0x00000000a0000000,0x00000000a0a5e7b8,0x00000000a6c80000)
 Metaspace       used 34562K, capacity 35245K, committed 35416K, reserved 1079296K
  class space    used 4768K, capacity 4992K, committed 4992K, reserved 1048576K
Event: 22.238 GC heap after
Heap after GC invocations=7 (full 2):
 PSYoungGen      total 136704K, used 0K [0x00000000e0000000, 0x00000000e9600000, 0x0000000100000000)
  eden space 125952K, 0% used [0x00000000e0000000,0x00000000e0000000,0x00000000e7b00000)
  from space 10752K, 0% used [0x00000000e7d00000,0x00000000e7d00000,0x00000000e8780000)
  to   space 13824K, 0% used [0x00000000e8880000,0x00000000e8880000,0x00000000e9600000)
 ParOldGen       total 179712K, used 19295K [0x00000000a0000000, 0x00000000aaf80000, 0x00000000e0000000)
  object space 179712K, 10% used [0x00000000a0000000,0x00000000a12d7f50,0x00000000aaf80000)
 Metaspace       used 34562K, capacity 35245K, committed 35416K, reserved 1079296K
  class space    used 4768K, capacity 4992K, committed 4992K, reserved 1048576K
}
Event: 26.227 GC heap before
{Heap before GC invocations=8 (full 2):
 PSYoungGen      total 136704K, used 125952K [0x00000000e0000000, 0x00000000e9600000, 0x0000000100000000)
  eden space 125952K, 100% used [0x00000000e0000000,0x00000000e7b00000,0x00000000e7b00000)
  from space 10752K, 0% used [0x00000000e7d00000,0x00000000e7d00000,0x00000000e8780000)
  to   space 13824K, 0% used [0x00000000e8880000,0x00000000e8880000,0x00000000e9600000)
 ParOldGen       total 179712K, used 19295K [0x00000000a0000000, 0x00000000aaf80000, 0x00000000e0000000)
  object space 179712K, 10% used [0x00000000a0000000,0x00000000a12d7f50,0x00000000aaf80000)
 Metaspace       used 40867K, capacity 41923K, committed 42072K, reserved 1085440K
  class space    used 5603K, capacity 5950K, committed 6016K, reserved 1048576K
Event: 26.261 GC heap after
Heap after GC invocations=8 (full 2):
 PSYoungGen      total 138240K, used 13329K [0x00000000e0000000, 0x00000000ecf80000, 0x0000000100000000)
  eden space 124416K, 0% used [0x00000000e0000000,0x00000000e0000000,0x00000000e7980000)
  from space 13824K, 96% used [0x00000000e8880000,0x00000000e9584648,0x00000000e9600000)
  to   space 15360K, 0% used [0x00000000e7980000,0x00000000e7980000,0x00000000e8880000)
 ParOldGen       total 179712K, used 19303K [0x00000000a0000000, 0x00000000aaf80000, 0x00000000e0000000)
  object space 179712K, 10% used [0x00000000a0000000,0x00000000a12d9f50,0x00000000aaf80000)
 Metaspace       used 40867K, capacity 41923K, committed 42072K, reserved 1085440K
  class space    used 5603K, capacity 5950K, committed 6016K, reserved 1048576K
}
Event: 31.116 GC heap before
{Heap before GC invocations=9 (full 2):
 PSYoungGen      total 138240K, used 137745K [0x00000000e0000000, 0x00000000ecf80000, 0x0000000100000000)
  eden space 124416K, 100% used [0x00000000e0000000,0x00000000e7980000,0x00000000e7980000)
  from space 13824K, 96% used [0x00000000e8880000,0x00000000e9584648,0x00000000e9600000)
  to   space 15360K, 0% used [0x00000000e7980000,0x00000000e7980000,0x00000000e8880000)
 ParOldGen       total 179712K, used 19303K [0x00000000a0000000, 0x00000000aaf80000, 0x00000000e0000000)
  object space 179712K, 10% used [0x00000000a0000000,0x00000000a12d9f50,0x00000000aaf80000)
 Metaspace       used 51760K, capacity 53465K, committed 53592K, reserved 1095680K
  class space    used 7109K, capacity 7524K, committed 7552K, reserved 1048576K
Event: 31.160 GC heap after
Heap after GC invocations=9 (full 2):
 PSYoungGen      total 139776K, used 15341K [0x00000000e0000000, 0x00000000ed700000, 0x0000000100000000)
  eden space 124416K, 0% used [0x00000000e0000000,0x00000000e0000000,0x00000000e7980000)
  from space 15360K, 99% used [0x00000000e7980000,0x00000000e887b510,0x00000000e8880000)
  to   space 20480K, 0% used [0x00000000ec300000,0x00000000ec300000,0x00000000ed700000)
 ParOldGen       total 179712K, used 25300K [0x00000000a0000000, 0x00000000aaf80000, 0x00000000e0000000)
  object space 179712K, 14% used [0x00000000a0000000,0x00000000a18b5140,0x00000000aaf80000)
 Metaspace       used 51760K, capacity 53465K, committed 53592K, reserved 1095680K
  class space    used 7109K, capacity 7524K, committed 7552K, reserved 1048576K
}
Event: 34.747 GC heap before
{Heap before GC invocations=10 (full 2):
 PSYoungGen      total 139776K, used 112532K [0x00000000e0000000, 0x00000000ed700000, 0x0000000100000000)
  eden space 124416K, 78% used [0x00000000e0000000,0x00000000e5ee9b80,0x00000000e7980000)
  from space 15360K, 99% used [0x00000000e7980000,0x00000000e887b510,0x00000000e8880000)
  to   space 20480K, 0% used [0x00000000ec300000,0x00000000ec300000,0x00000000ed700000)
 ParOldGen       total 179712K, used 25300K [0x00000000a0000000, 0x00000000aaf80000, 0x00000000e0000000)
  object space 179712K, 14% used [0x00000000a0000000,0x00000000a18b5140,0x00000000aaf80000)
 Metaspace       used 57108K, capacity 58931K, committed 58968K, reserved 1099776K
  class space    used 7844K, capacity 8315K, committed 8320K, reserved 1048576K
Event: 34.795 GC heap after
Heap after GC invocations=10 (full 2):
 PSYoungGen      total 194048K, used 20453K [0x00000000e0000000, 0x00000000ee500000, 0x0000000100000000)
  eden space 173568K, 0% used [0x00000000e0000000,0x00000000e0000000,0x00000000ea980000)
  from space 20480K, 99% used [0x00000000ec300000,0x00000000ed6f9510,0x00000000ed700000)
  to   space 26112K, 0% used [0x00000000ea980000,0x00000000ea980000,0x00000000ec300000)
 ParOldGen       total 179712K, used 32467K [0x00000000a0000000, 0x00000000aaf80000, 0x00000000e0000000)
  object space 179712K, 18% used [0x00000000a0000000,0x00000000a1fb4ce0,0x00000000aaf80000)
 Metaspace       used 57108K, capacity 58931K, committed 58968K, reserved 1099776K
  class space    used 7844K, capacity 8315K, committed 8320K, reserved 1048576K
}
Event: 34.795 GC heap before
{Heap before GC invocations=11 (full 3):
 PSYoungGen      total 194048K, used 20453K [0x00000000e0000000, 0x00000000ee500000, 0x0000000100000000)
  eden space 173568K, 0% used [0x00000000e0000000,0x00000000e0000000,0x00000000ea980000)
  from space 20480K, 99% used [0x00000000ec300000,0x00000000ed6f9510,0x00000000ed700000)
  to   space 26112K, 0% used [0x00000000ea980000,0x00000000ea980000,0x00000000ec300000)
 ParOldGen       total 179712K, used 32467K [0x00000000a0000000, 0x00000000aaf80000, 0x00000000e0000000)
  object space 179712K, 18% used [0x00000000a0000000,0x00000000a1fb4ce0,0x00000000aaf80000)
 Metaspace       used 57108K, capacity 58931K, committed 58968K, reserved 1099776K
  class space    used 7844K, capacity 8315K, committed 8320K, reserved 1048576K
Event: 35.115 GC heap after
Heap after GC invocations=11 (full 3):
 PSYoungGen      total 194048K, used 0K [0x00000000e0000000, 0x00000000ee500000, 0x0000000100000000)
  eden space 173568K, 0% used [0x00000000e0000000,0x00000000e0000000,0x00000000ea980000)
  from space 20480K, 0% used [0x00000000ec300000,0x00000000ec300000,0x00000000ed700000)
  to   space 26112K, 0% used [0x00000000ea980000,0x00000000ea980000,0x00000000ec300000)
 ParOldGen       total 264704K, used 40604K [0x00000000a0000000, 0x00000000b0280000, 0x00000000e0000000)
  object space 264704K, 15% used [0x00000000a0000000,0x00000000a27a7138,0x00000000b0280000)
 Metaspace       used 57108K, capacity 58931K, committed 58968K, reserved 1099776K
  class space    used 7844K, capacity 8315K, committed 8320K, reserved 1048576K
}

Deoptimization events (10 events):
Event: 39.148 Thread 0x000000001ba15000 Uncommon trap: reason=array_check action=maybe_recompile pc=0x00000000038c4e30 method=java.util.AbstractCollection.toArray([Ljava/lang/Object;)[Ljava/lang/Object; @ 119
Event: 39.273 Thread 0x000000001ba15000 Uncommon trap: reason=unstable_if action=reinterpret pc=0x00000000037d1924 method=sun.nio.fs.WindowsPathParser.isLetter(C)Z @ 3
Event: 39.330 Thread 0x000000001ba15000 Uncommon trap: reason=class_check action=maybe_recompile pc=0x0000000002cdf4b8 method=java.lang.AbstractStringBuilder.append(Ljava/lang/CharSequence;)Ljava/lang/AbstractStringBuilder; @ 45
Event: 39.357 Thread 0x000000001ba15000 Uncommon trap: reason=class_check action=maybe_recompile pc=0x0000000002cdf4b8 method=java.lang.AbstractStringBuilder.append(Ljava/lang/CharSequence;)Ljava/lang/AbstractStringBuilder; @ 45
Event: 39.856 Thread 0x000000001ba10800 Uncommon trap: reason=unstable_if action=reinterpret pc=0x00000000036e0c58 method=com.esotericsoftware.kryo.io.Output.writeBytes([BII)V @ 61
Event: 40.155 Thread 0x000000001ba14000 Uncommon trap: reason=unstable_if action=reinterpret pc=0x0000000003931ad4 method=sun.nio.fs.WindowsNativeDispatcher.asNativeBuffer(Ljava/lang/String;)Lsun/nio/fs/NativeBuffer; @ 33
Event: 40.369 Thread 0x000000001ba12000 Uncommon trap: reason=unstable_if action=reinterpret pc=0x00000000026b9b78 method=org.objectweb.asm.ClassReader.a(II[C)Ljava/lang/String; @ 77
Event: 40.369 Thread 0x000000001ba12000 Uncommon trap: reason=unstable_if action=reinterpret pc=0x0000000002c7ba3c method=org.objectweb.asm.ClassReader.a(II[C)Ljava/lang/String; @ 77
Event: 41.118 Thread 0x000000001ba12800 Uncommon trap: reason=unstable_if action=reinterpret pc=0x000000000397c33c method=org.objectweb.asm.ClassReader.b(Lorg/objectweb/asm/ClassVisitor;Lorg/objectweb/asm/Context;I)I @ 303
Event: 41.998 Thread 0x000000001ba12800 Uncommon trap: reason=unstable_if action=reinterpret pc=0x00000000039bb78c method=org.objectweb.asm.ClassReader.accept(Lorg/objectweb/asm/ClassVisitor;[Lorg/objectweb/asm/Attribute;I)V @ 391

Classes redefined (0 events):
No events

Internal exceptions (10 events):
Event: 31.982 Thread 0x0000000018c5e800 Exception <a 'java/lang/ClassNotFoundException': groovy/lang/ReferenceCustomizer> (0x00000000e14c7a00) thrown at [D:\src\AOSP-openjdk-cygwin\jdk8u\hotspot\src\share\vm\classfile\systemDictionary.cpp, line 210]
Event: 31.988 Thread 0x0000000018c5e800 Exception <a 'java/lang/ClassNotFoundException': org/gradle/api/internal/tasks/TaskStateInternalBeanInfo> (0x00000000e14f4490) thrown at [D:\src\AOSP-openjdk-cygwin\jdk8u\hotspot\src\share\vm\classfile\systemDictionary.cpp, line 210]
Event: 31.989 Thread 0x0000000018c5e800 Exception <a 'java/lang/ClassNotFoundException': org/gradle/api/internal/tasks/TaskStateInternalCustomizer> (0x00000000e1508578) thrown at [D:\src\AOSP-openjdk-cygwin\jdk8u\hotspot\src\share\vm\classfile\systemDictionary.cpp, line 210]
Event: 31.998 Thread 0x0000000018c5e800 Exception <a 'java/lang/NoSuchMethodError': <clinit>> (0x00000000e1677af0) thrown at [D:\src\AOSP-openjdk-cygwin\jdk8u\hotspot\src\share\vm\prims\jni.cpp, line 1613]
Event: 32.001 Thread 0x0000000018c5e800 Exception <a 'java/lang/NoSuchMethodError': <clinit>> (0x00000000e16937b0) thrown at [D:\src\AOSP-openjdk-cygwin\jdk8u\hotspot\src\share\vm\prims\jni.cpp, line 1613]
Event: 32.001 Thread 0x0000000018c5e800 Exception <a 'java/lang/NoSuchMethodError': <clinit>> (0x00000000e1695618) thrown at [D:\src\AOSP-openjdk-cygwin\jdk8u\hotspot\src\share\vm\prims\jni.cpp, line 1613]
Event: 33.214 Thread 0x0000000018c5e800 Exception <a 'java/lang/NoSuchMethodError': <clinit>> (0x00000000e17aa418) thrown at [D:\src\AOSP-openjdk-cygwin\jdk8u\hotspot\src\share\vm\prims\jni.cpp, line 1613]
Event: 33.216 Thread 0x0000000018c5e800 Exception <a 'java/lang/NoSuchMethodError': <clinit>> (0x00000000e17b4f50) thrown at [D:\src\AOSP-openjdk-cygwin\jdk8u\hotspot\src\share\vm\prims\jni.cpp, line 1613]
Event: 38.762 Thread 0x000000001ba11000 Implicit null exception at 0x000000000303071e to 0x0000000003030909
Event: 40.150 Thread 0x000000001ba14000 Exception <a 'sun/nio/fs/WindowsException'> (0x00000000e3bc5bd8) thrown at [D:\src\AOSP-openjdk-cygwin\jdk8u\hotspot\src\share\vm\prims\jni.cpp, line 709]

Events (10 events):
Event: 42.097 Thread 0x0000000015c94800 flushing nmethod 0x0000000002ccfcd0
Event: 42.097 Thread 0x0000000015c94800 flushing nmethod 0x0000000002cde750
Event: 42.097 Thread 0x0000000015c94800 flushing nmethod 0x0000000002cf5790
Event: 42.097 Thread 0x0000000015c94800 flushing nmethod 0x0000000002cfead0
Event: 42.098 Thread 0x0000000015c94800 flushing nmethod 0x0000000002def0d0
Event: 42.098 Thread 0x0000000015c94800 flushing nmethod 0x0000000002df5590
Event: 42.098 Thread 0x0000000015c94800 flushing nmethod 0x0000000002e53e50
Event: 42.098 Thread 0x0000000015c94800 flushing nmethod 0x0000000002e67110
Event: 42.098 Thread 0x0000000015c94800 flushing nmethod 0x0000000002e8ee10
Event: 42.098 Thread 0x0000000015c94800 flushing nmethod 0x0000000002ec2ed0


Dynamic libraries:
0x00007ff702660000 - 0x00007ff702691000 	C:\Program Files\Android\Android Studio\jre\bin\java.exe
0x00007ffe86060000 - 0x00007ffe86230000 	C:\Windows\SYSTEM32\ntdll.dll
0x00007ffe83720000 - 0x00007ffe837cc000 	C:\Windows\System32\KERNEL32.DLL
0x00007ffe83200000 - 0x00007ffe8341d000 	C:\Windows\System32\KERNELBASE.dll
0x00007ffe85780000 - 0x00007ffe85822000 	C:\Windows\System32\ADVAPI32.dll
0x00007ffe85870000 - 0x00007ffe8590e000 	C:\Windows\System32\msvcrt.dll
0x00007ffe85e20000 - 0x00007ffe85e79000 	C:\Windows\System32\sechost.dll
0x00007ffe835f0000 - 0x00007ffe83711000 	C:\Windows\System32\RPCRT4.dll
0x00007ffe855b0000 - 0x00007ffe85715000 	C:\Windows\System32\USER32.dll
0x00007ffe82a60000 - 0x00007ffe82a7e000 	C:\Windows\System32\win32u.dll
0x00007ffe85830000 - 0x00007ffe85864000 	C:\Windows\System32\GDI32.dll
0x00007ffe827d0000 - 0x00007ffe82951000 	C:\Windows\System32\gdi32full.dll
0x00007ffe74fb0000 - 0x00007ffe7522a000 	C:\Windows\WinSxS\amd64_microsoft.windows.common-controls_6595b64144ccf1df_6.0.14393.2273_none_7de240fc83403786\COMCTL32.dll
0x00007ffe85910000 - 0x00007ffe85bd8000 	C:\Windows\System32\combase.dll
0x00007ffe82960000 - 0x00007ffe82a55000 	C:\Windows\System32\ucrtbase.dll
0x00007ffe834d0000 - 0x00007ffe8353a000 	C:\Windows\System32\bcryptPrimitives.dll
0x00007ffe85e80000 - 0x00007ffe85eae000 	C:\Windows\System32\IMM32.DLL
0x000000006cd40000 - 0x000000006ce12000 	C:\Program Files\Android\Android Studio\jre\jre\bin\msvcr100.dll
0x000000006f6d0000 - 0x000000006ff0f000 	C:\Program Files\Android\Android Studio\jre\jre\bin\server\jvm.dll
0x00007ffe855a0000 - 0x00007ffe855a8000 	C:\Windows\System32\PSAPI.DLL
0x00007ffe7ef70000 - 0x00007ffe7ef79000 	C:\Windows\SYSTEM32\WSOCK32.dll
0x00007ffe85ff0000 - 0x00007ffe8605a000 	C:\Windows\System32\WS2_32.dll
0x00007ffe80a50000 - 0x00007ffe80a73000 	C:\Windows\SYSTEM32\WINMM.dll
0x00007ffe773e0000 - 0x00007ffe773ea000 	C:\Windows\SYSTEM32\VERSION.dll
0x0000000000420000 - 0x000000000044b000 	C:\Windows\SYSTEM32\WINMMBASE.dll
0x00007ffe82720000 - 0x00007ffe82762000 	C:\Windows\System32\cfgmgr32.dll
0x00007ffe7ee20000 - 0x00007ffe7ee2f000 	C:\Program Files\Android\Android Studio\jre\jre\bin\verify.dll
0x00007ffe793c0000 - 0x00007ffe793e9000 	C:\Program Files\Android\Android Studio\jre\jre\bin\java.dll
0x00007ffe78770000 - 0x00007ffe78786000 	C:\Program Files\Android\Android Studio\jre\jre\bin\zip.dll
0x00007ffe83e50000 - 0x00007ffe85355000 	C:\Windows\System32\SHELL32.dll
0x00007ffe82b20000 - 0x00007ffe831f9000 	C:\Windows\System32\windows.storage.dll
0x00007ffe824f0000 - 0x00007ffe8253c000 	C:\Windows\System32\powrprof.dll
0x00007ffe85720000 - 0x00007ffe85772000 	C:\Windows\System32\shlwapi.dll
0x00007ffe82540000 - 0x00007ffe8254f000 	C:\Windows\System32\kernel.appcore.dll
0x00007ffe83540000 - 0x00007ffe835e9000 	C:\Windows\System32\shcore.dll
0x00007ffe824d0000 - 0x00007ffe824e4000 	C:\Windows\System32\profapi.dll
0x00007ffe76510000 - 0x00007ffe7652a000 	C:\Program Files\Android\Android Studio\jre\jre\bin\net.dll
0x00007ffe81df0000 - 0x00007ffe81e4c000 	C:\Windows\system32\mswsock.dll
0x00007ffe6ea70000 - 0x00007ffe6ea81000 	C:\Program Files\Android\Android Studio\jre\jre\bin\nio.dll
0x00007ffe66620000 - 0x00007ffe6663e000 	C:\Users\Casper\.gradle\native\25\windows-amd64\native-platform.dll
0x00007ffe7fab0000 - 0x00007ffe7fabd000 	C:\Program Files\Android\Android Studio\jre\jre\bin\management.dll
0x00007ffe81f90000 - 0x00007ffe81fa7000 	C:\Windows\SYSTEM32\CRYPTSP.dll
0x00007ffe819f0000 - 0x00007ffe81a23000 	C:\Windows\system32\rsaenh.dll
0x00007ffe820a0000 - 0x00007ffe820cb000 	C:\Windows\SYSTEM32\bcrypt.dll
0x00007ffe81c70000 - 0x00007ffe81c8f000 	C:\Windows\SYSTEM32\USERENV.dll
0x00007ffe81fb0000 - 0x00007ffe81fbb000 	C:\Windows\SYSTEM32\CRYPTBASE.dll
0x00007ffe81b70000 - 0x00007ffe81ba8000 	C:\Windows\SYSTEM32\IPHLPAPI.DLL
0x00007ffe83950000 - 0x00007ffe83958000 	C:\Windows\System32\NSI.dll
0x00007ffe7e490000 - 0x00007ffe7e4a6000 	C:\Windows\SYSTEM32\dhcpcsvc6.DLL
0x00007ffe7e470000 - 0x00007ffe7e48a000 	C:\Windows\SYSTEM32\dhcpcsvc.DLL
0x00007ffe73700000 - 0x00007ffe73892000 	C:\Windows\SYSTEM32\dbghelp.dll

VM Arguments:
jvm_args: -Xmx1536m -Dfile.encoding=windows-1252 -Duser.country=AU -Duser.language=en -Duser.variant 
java_command: org.gradle.launcher.daemon.bootstrap.GradleDaemon 4.4
java_class_path (initial): C:\Users\Casper\.gradle\wrapper\dists\gradle-4.4-all\9br9xq1tocpiv8o6njlyu5op1\gradle-4.4\lib\gradle-launcher-4.4.jar
Launcher Type: SUN_STANDARD

Environment Variables:
PATH=C:\Windows\system32;C:\Windows;C:\Windows\System32\Wbem;C:\Windows\System32\WindowsPowerShell\v1.0\;C:\Program Files\PuTTY\;C:\Users\Casper\AppData\Local\Microsoft\WindowsApps;
USERNAME=Casper
OS=Windows_NT
PROCESSOR_IDENTIFIER=Intel64 Family 6 Model 69 Stepping 1, GenuineIntel



---------------  S Y S T E M  ---------------

OS: Windows 10.0 , 64 bit Build 14393 (10.0.14393.2214)

CPU:total 4 (initial active 4) (2 cores per cpu, 2 threads per core) family 6 model 69 stepping 1, cmov, cx8, fxsr, mmx, sse, sse2, sse3, ssse3, sse4.1, sse4.2, popcnt, avx, avx2, aes, clmul, erms, lzcnt, ht, tsc, tscinvbit, bmi1, bmi2

Memory: 4k page, physical 16666904k(11246156k free), swap 19157272k(12259980k free)

vm_info: OpenJDK 64-Bit Server VM (25.152-b02) for windows-amd64 JRE (1.8.0_152-release-1024-b02), built by "builder" with MS VC++ 10.0 (VS2010)

time: Sat Sep 29 19:40:46 2018
elapsed time: 42 seconds (0d 0h 0m 42s)

